                                     G D M A
                                 by Anthony Stone

               Distributed Multipoles from Gaussian wavefunctions

                             version 2.3.3 (e2d289a)
              Compiled with gfortran on 30 November 2020 at 11:55:58

Starting at 17:39:41 on 30 Nov 2020 

M062X Sadlej-pVTZ



Using SCF density matrix from file ../spec.fchk


                         Distributed Multipole Analysis

Standard DMA for products of primitives with exponent greater than 4.00000
Using 80-point Euler-MacLaurin radial quadrature
Using 590-point Lebedev quadrature
Becke smoothing parameter = 3

Positions and radii in angstrom
Multipole moments in atomic units, ea_0^k for rank k

P          x =  0.000527  y =  0.116543  z =  0.146306 angstrom
           Maximum rank =  4   Radius =  0.650 angstrom
                   Q00  =   1.804677
|Q1| =   0.095044  Q10  =  -0.094934  Q11c =   0.000068  Q11s =   0.004579
|Q2| =   0.292627  Q20  =  -0.028245  Q21c =  -0.000931  Q21s =  -0.205816
                   Q22c =  -0.206080  Q22s =   0.001637
|Q3| =   1.916362  Q30  =   0.279755  Q31c =  -0.003652  Q31s =  -1.017068
                   Q32c =  -1.308327  Q32s =   0.010647  Q33c =  -0.011577
                   Q33s =  -0.920745
|Q4| =   0.636300  Q40  =   0.167985  Q41c =  -0.001947  Q41s =  -0.521969
                   Q42c =  -0.294153  Q42s =   0.002123  Q43c =   0.000879
                   Q43s =   0.064586  Q44c =  -0.116178  Q44s =   0.002114

O          x =  0.006674  y =  1.610267  z =  0.258721 angstrom
           Maximum rank =  4   Radius =  0.650 angstrom
                   Q00  =  -0.917839
|Q1| =   0.116937  Q10  =  -0.052895  Q11c =  -0.000436  Q11s =  -0.104289
|Q2| =   0.911127  Q20  =  -0.447357  Q21c =   0.000632  Q21s =   0.161663
                   Q22c =  -0.777077  Q22s =   0.006362
|Q3| =   0.611045  Q30  =   0.106804  Q31c =   0.001641  Q31s =   0.377201
                   Q32c =  -0.127442  Q32s =   0.001129  Q33c =   0.005532
                   Q33s =   0.451013
|Q4| =   0.307625  Q40  =  -0.135007  Q41c =   0.000003  Q41s =   0.035582
                   Q42c =   0.059862  Q42s =  -0.000579  Q43c =   0.002357
                   Q43s =   0.210685  Q44c =   0.164784  Q44s =  -0.002947

O          x = -0.003366  y = -0.885129  z =  1.284823 angstrom
           Maximum rank =  4   Radius =  0.650 angstrom
                   Q00  =  -1.004931
|Q1| =   0.138423  Q10  =  -0.040390  Q11c =   0.000534  Q11s =   0.132399
|Q2| =   1.028340  Q20  =   0.381844  Q21c =  -0.003513  Q21s =  -0.890741
                   Q22c =  -0.343858  Q22s =   0.002670
|Q3| =   0.615282  Q30  =   0.128704  Q31c =   0.002315  Q31s =   0.550077
                   Q32c =   0.072477  Q32s =  -0.000361  Q33c =  -0.002822
                   Q33s =  -0.232713
|Q4| =   1.126077  Q40  =  -0.116215  Q41c =  -0.000082  Q41s =   0.051424
                   Q42c =   0.839782  Q42s =  -0.007561  Q43c =   0.008140
                   Q43s =   0.626064  Q44c =  -0.393114  Q44s =   0.006878

O          x =  1.308285  y = -0.328482  z = -0.850741 angstrom
           Maximum rank =  4   Radius =  0.650 angstrom
                   Q00  =  -0.662041
|Q1| =   0.307513  Q10  =   0.154512  Q11c =   0.030667  Q11s =  -0.264102
|Q2| =   1.179755  Q20  =  -0.358339  Q21c =  -0.370362  Q21s =  -0.576501
                   Q22c =  -0.419405  Q22s =  -0.786125
|Q3| =   2.108755  Q30  =  -0.894882  Q31c =  -0.556846  Q31s =   0.391797
                   Q32c =  -0.682466  Q32s =  -0.691482  Q33c =  -1.267644
                   Q33s =   0.794747
|Q4| =   3.993396  Q40  =  -0.230532  Q41c =  -0.722192  Q41s =   1.944632
                   Q42c =  -0.576570  Q42s =   0.467587  Q43c =  -1.731028
                   Q43s =   1.742286  Q44c =   0.238335  Q44s =   2.225089

H          x =  1.541336  y = -1.195527  z = -0.467631 angstrom
           Maximum rank =  1   Radius =  0.325 angstrom
                   Q00  =   0.221101
|Q1| =   0.076422  Q10  =   0.011833  Q11c =  -0.048763  Q11s =   0.057640

O          x = -1.311299  y = -0.317877  z = -0.850324 angstrom
           Maximum rank =  4   Radius =  0.650 angstrom
                   Q00  =  -0.662098
|Q1| =   0.307415  Q10  =   0.154580  Q11c =  -0.032894  Q11s =  -0.263680
|Q2| =   1.179781  Q20  =  -0.358137  Q21c =   0.365092  Q21s =  -0.580229
                   Q22c =  -0.405737  Q22s =   0.793120
|Q3| =   2.108869  Q30  =  -0.895688  Q31c =   0.559442  Q31s =   0.385502
                   Q32c =  -0.671615  Q32s =   0.703651  Q33c =   1.286973
                   Q33s =   0.762228
|Q4| =   3.995111  Q40  =  -0.233780  Q41c =   0.739506  Q41s =   1.939095
                   Q42c =  -0.587596  Q42s =  -0.456242  Q43c =   1.775889
                   Q43s =   1.699142  Q44c =   0.162998  Q44s =  -2.231242

H          x = -1.551598  y = -1.182846  z = -0.466793 angstrom
           Maximum rank =  1   Radius =  0.325 angstrom
                   Q00  =   0.221138
|Q1| =   0.076410  Q10  =   0.011802  Q11c =   0.049247  Q11s =   0.057219

Total multipoles referred to origin at
           x =   0.000000,  y =    0.000000,  z =    0.000000 angstrom
                   Q00  =  -0.999993
|Q1| =   1.376887  Q10  =  -0.507415  Q11c =  -0.005448  Q11s =  -1.279968
|Q2| =   5.708529  Q20  =  -3.715256  Q21c =   0.009693  Q21s =   3.218227
                   Q22c =   2.902853  Q22s =  -0.023294
|Q3| =  58.257299  Q30  =  -0.714357  Q31c =   0.174703  Q31s =  43.735739
                   Q32c =  38.300887  Q32s =  -0.291455  Q33c =  -0.038603
                   Q33s =  -3.675988
|Q4| = 192.776175  Q40  =  64.010227  Q41c =   0.073294  Q41s =   2.752028
                   Q42c = -37.900959  Q42s =   0.264904  Q43c =   0.292594
                   Q43s =  19.145943  Q44c =-176.765132  Q44s =   2.940765

CPU time used:      0m28.090s          Total:      0m28.090s

Finished at 17:40:09 on 30 Nov 2020 
