                                     G D M A
                                 by Anthony Stone

               Distributed Multipoles from Gaussian wavefunctions

                             version 2.3.3 (e2d289a)
              Compiled with gfortran on 30 November 2020 at 11:55:58

Starting at 17:39:41 on 30 Nov 2020 

M062X Sadlej-pVTZ



Using SCF density matrix from file ../spec.fchk


                         Distributed Multipole Analysis

Standard DMA for products of primitives with exponent greater than 4.00000
Using 80-point Euler-MacLaurin radial quadrature
Using 590-point Lebedev quadrature
Becke smoothing parameter = 3

Positions and radii in angstrom
Multipole moments in atomic units, ea_0^k for rank k

P          x =  0.000527  y =  0.116543  z =  0.146306 angstrom
           Maximum rank =  4   Radius =  0.650 angstrom
                   Q00  =   1.804602
|Q1| =   0.095586  Q10  =  -0.095432  Q11c =   0.001264  Q11s =   0.005278
|Q2| =   0.293870  Q20  =  -0.029600  Q21c =   0.003733  Q21s =  -0.205226
                   Q22c =  -0.208174  Q22s =   0.003912
|Q3| =   1.916459  Q30  =   0.280027  Q31c =  -0.001692  Q31s =  -1.017058
                   Q32c =  -1.309043  Q32s =   0.012588  Q33c =  -0.009681
                   Q33s =  -0.919860
|Q4| =   0.642251  Q40  =   0.166993  Q41c =  -0.007986  Q41s =  -0.526530
                   Q42c =  -0.298510  Q42s =   0.009645  Q43c =   0.012874
                   Q43s =   0.062356  Q44c =  -0.118016  Q44s =   0.010921

O          x =  0.006674  y =  1.610267  z =  0.258721 angstrom
           Maximum rank =  4   Radius =  0.650 angstrom
                   Q00  =  -0.921455
|Q1| =   0.121901  Q10  =  -0.053044  Q11c =   0.004979  Q11s =  -0.109643
|Q2| =   0.910472  Q20  =  -0.446943  Q21c =   0.002905  Q21s =   0.161991
                   Q22c =  -0.776419  Q22s =   0.011228
|Q3| =   0.600360  Q30  =   0.104346  Q31c =   0.003961  Q31s =   0.370989
                   Q32c =  -0.129669  Q32s =  -0.001630  Q33c =   0.012006
                   Q33s =   0.441513
|Q4| =   0.311484  Q40  =  -0.132105  Q41c =   0.000610  Q41s =   0.035011
                   Q42c =   0.066861  Q42s =   0.003314  Q43c =   0.022856
                   Q43s =   0.204238  Q44c =   0.176817  Q44s =   0.019063

O          x = -0.003366  y = -0.885129  z =  1.284823 angstrom
           Maximum rank =  4   Radius =  0.650 angstrom
                   Q00  =  -1.002925
|Q1| =   0.133273  Q10  =  -0.040642  Q11c =   0.006215  Q11s =   0.126772
|Q2| =   1.029457  Q20  =   0.378928  Q21c =   0.001989  Q21s =  -0.891976
                   Q22c =  -0.347231  Q22s =   0.000594
|Q3| =   0.620126  Q30  =   0.132975  Q31c =  -0.003260  Q31s =   0.552634
                   Q32c =   0.081012  Q32s =   0.004858  Q33c =  -0.000408
                   Q33s =  -0.234250
|Q4| =   1.111979  Q40  =  -0.101045  Q41c =  -0.024723  Q41s =   0.044973
                   Q42c =   0.845689  Q42s =   0.012960  Q43c =   0.027825
                   Q43s =   0.598537  Q44c =  -0.386086  Q44s =   0.014551

O          x =  1.308285  y = -0.328482  z = -0.850741 angstrom
           Maximum rank =  4   Radius =  0.650 angstrom
                   Q00  =  -0.660821
|Q1| =   0.309063  Q10  =   0.153687  Q11c =   0.034042  Q11s =  -0.265972
|Q2| =   1.175755  Q20  =  -0.358559  Q21c =  -0.371514  Q21s =  -0.571473
                   Q22c =  -0.415376  Q22s =  -0.785299
|Q3| =   2.099792  Q30  =  -0.893582  Q31c =  -0.551734  Q31s =   0.388112
                   Q32c =  -0.676709  Q32s =  -0.691898  Q33c =  -1.259378
                   Q33s =   0.795554
|Q4| =   3.981413  Q40  =  -0.238140  Q41c =  -0.725349  Q41s =   1.941428
                   Q42c =  -0.564401  Q42s =   0.458348  Q43c =  -1.728640
                   Q43s =   1.731869  Q44c =   0.251215  Q44s =   2.218188

H          x =  1.541336  y = -1.195527  z = -0.467631 angstrom
           Maximum rank =  1   Radius =  0.325 angstrom
                   Q00  =   0.223317
|Q1| =   0.074540  Q10  =   0.011897  Q11c =  -0.047589  Q11s =   0.056125

O          x = -1.311299  y = -0.317877  z = -0.850324 angstrom
           Maximum rank =  4   Radius =  0.650 angstrom
                   Q00  =  -0.664290
|Q1| =   0.310194  Q10  =   0.154448  Q11c =  -0.028190  Q11s =  -0.267529
|Q2| =   1.181684  Q20  =  -0.356923  Q21c =   0.364554  Q21s =  -0.578075
                   Q22c =  -0.409274  Q22s =   0.796497
|Q3| =   2.108524  Q30  =  -0.893042  Q31c =   0.560492  Q31s =   0.388131
                   Q32c =  -0.673204  Q32s =   0.710333  Q33c =   1.283052
                   Q33s =   0.761284
|Q4| =   3.995038  Q40  =  -0.225952  Q41c =   0.735546  Q41s =   1.937545
                   Q42c =  -0.591921  Q42s =  -0.460765  Q43c =   1.789832
                   Q43s =   1.684212  Q44c =   0.171093  Q44s =  -2.232073

H          x = -1.551598  y = -1.182846  z = -0.466793 angstrom
           Maximum rank =  1   Radius =  0.325 angstrom
                   Q00  =   0.221580
|Q1| =   0.076302  Q10  =   0.011587  Q11c =   0.049901  Q11s =   0.056548

Total multipoles referred to origin at
           x =   0.000000,  y =    0.000000,  z =    0.000000 angstrom
                   Q00  =  -0.999993
|Q1| =   1.412489  Q10  =  -0.507129  Q11c =   0.030304  Q11s =  -1.317963
|Q2| =   5.702569  Q20  =  -3.706754  Q21c =  -0.008858  Q21s =   3.202043
                   Q22c =   2.919646  Q22s =  -0.042261
|Q3| =  58.305184  Q30  =  -0.686575  Q31c =   0.164699  Q31s =  43.817639
                   Q32c =  38.285051  Q32s =  -0.251251  Q33c =  -0.053348
                   Q33s =  -3.633104
|Q4| = 194.042615  Q40  =  63.446201  Q41c =   1.086106  Q41s =   2.714256
                   Q42c = -38.799517  Q42s =  -0.258777  Q43c =  -1.000526
                   Q43s =  20.429656  Q44c =-178.020095  Q44s =   1.890457

CPU time used:      0m28.042s          Total:      0m28.042s

Finished at 17:40:09 on 30 Nov 2020 
