                                     G D M A
                                 by Anthony Stone

               Distributed Multipoles from Gaussian wavefunctions

                             version 2.3.3 (e2d289a)
              Compiled with gfortran on 30 November 2020 at 11:55:58

Starting at 17:39:45 on 30 Nov 2020 

M062X Sadlej-pVTZ



Using SCF density matrix from file ../spec.fchk


                         Distributed Multipole Analysis

Standard DMA for products of primitives with exponent greater than 4.00000
Using 80-point Euler-MacLaurin radial quadrature
Using 590-point Lebedev quadrature
Becke smoothing parameter = 3

Positions and radii in angstrom
Multipole moments in atomic units, ea_0^k for rank k

P          x =  0.000527  y =  0.116543  z =  0.146306 angstrom
           Maximum rank =  4   Radius =  0.650 angstrom
                   Q00  =   1.804675
|Q1| =   0.094855  Q10  =  -0.094682  Q11c =   0.000078  Q11s =   0.005728
|Q2| =   0.289987  Q20  =  -0.029769  Q21c =  -0.000899  Q21s =  -0.202398
                   Q22c =  -0.205519  Q22s =   0.001641
|Q3| =   1.915441  Q30  =   0.279801  Q31c =  -0.003644  Q31s =  -1.017064
                   Q32c =  -1.308197  Q32s =   0.010652  Q33c =  -0.011548
                   Q33s =  -0.919003
|Q4| =   0.631619  Q40  =   0.162377  Q41c =  -0.001953  Q41s =  -0.516690
                   Q42c =  -0.294742  Q42s =   0.002157  Q43c =   0.001026
                   Q43s =   0.072714  Q44c =  -0.115903  Q44s =   0.002145

O          x =  0.006674  y =  1.610267  z =  0.258721 angstrom
           Maximum rank =  4   Radius =  0.650 angstrom
                   Q00  =  -0.920979
|Q1| =   0.119512  Q10  =  -0.047544  Q11c =  -0.000436  Q11s =  -0.109647
|Q2| =   0.909736  Q20  =  -0.445863  Q21c =   0.000660  Q21s =   0.166571
                   Q22c =  -0.775266  Q22s =   0.006366
|Q3| =   0.598857  Q30  =   0.110460  Q31c =   0.001621  Q31s =   0.369980
                   Q32c =  -0.123564  Q32s =   0.001087  Q33c =   0.005433
                   Q33s =   0.440730
|Q4| =   0.326457  Q40  =  -0.127660  Q41c =   0.000062  Q41s =   0.050771
                   Q42c =   0.083903  Q42s =  -0.000757  Q43c =   0.002521
                   Q43s =   0.217746  Q44c =   0.182291  Q44s =  -0.003148

O          x = -0.003366  y = -0.885129  z =  1.284823 angstrom
           Maximum rank =  4   Radius =  0.650 angstrom
                   Q00  =  -1.000056
|Q1| =   0.131657  Q10  =  -0.035108  Q11c =   0.000535  Q11s =   0.126889
|Q2| =   1.029677  Q20  =   0.381314  Q21c =  -0.003496  Q21s =  -0.891881
                   Q22c =  -0.345490  Q22s =   0.002675
|Q3| =   0.627501  Q30  =   0.127648  Q31c =   0.002337  Q31s =   0.561856
                   Q32c =   0.082629  Q32s =  -0.000422  Q33c =  -0.002831
                   Q33s =  -0.234392
|Q4| =   1.118394  Q40  =  -0.110799  Q41c =  -0.000156  Q41s =   0.057401
                   Q42c =   0.849873  Q42s =  -0.007548  Q43c =   0.007964
                   Q43s =   0.605525  Q44c =  -0.382261  Q44s =   0.006722

O          x =  1.308285  y = -0.328482  z = -0.850741 angstrom
           Maximum rank =  4   Radius =  0.650 angstrom
                   Q00  =  -0.664326
|Q1| =   0.311748  Q10  =   0.158422  Q11c =   0.029931  Q11s =  -0.266821
|Q2| =   1.178900  Q20  =  -0.360799  Q21c =  -0.368179  Q21s =  -0.573124
                   Q22c =  -0.418477  Q22s =  -0.787706
|Q3| =   2.105331  Q30  =  -0.893687  Q31c =  -0.550059  Q31s =   0.396248
                   Q32c =  -0.680466  Q32s =  -0.693588  Q33c =  -1.263887
                   Q33s =   0.795395
|Q4| =   3.987733  Q40  =  -0.235260  Q41c =  -0.726761  Q41s =   1.941316
                   Q42c =  -0.562345  Q42s =   0.465418  Q43c =  -1.733972
                   Q43s =   1.730178  Q44c =   0.245302  Q44s =   2.226339

H          x =  1.541336  y = -1.195527  z = -0.467631 angstrom
           Maximum rank =  1   Radius =  0.325 angstrom
                   Q00  =   0.222530
|Q1| =   0.075610  Q10  =   0.012294  Q11c =  -0.048450  Q11s =   0.056730

O          x = -1.311299  y = -0.317877  z = -0.850324 angstrom
           Maximum rank =  4   Radius =  0.650 angstrom
                   Q00  =  -0.664397
|Q1| =   0.311655  Q10  =   0.158492  Q11c =  -0.032147  Q11s =  -0.266412
|Q2| =   1.178949  Q20  =  -0.360590  Q21c =   0.362929  Q21s =  -0.576846
                   Q22c =  -0.404815  Q22s =   0.794702
|Q3| =   2.105475  Q30  =  -0.894483  Q31c =   0.552716  Q31s =   0.390036
                   Q32c =  -0.669611  Q32s =   0.705748  Q33c =   1.283248
                   Q33s =   0.762965
|Q4| =   3.989484  Q40  =  -0.238449  Q41c =   0.744000  Q41s =   1.935744
                   Q42c =  -0.573393  Q42s =  -0.454352  Q43c =   1.778600
                   Q43s =   1.686955  Q44c =   0.169908  Q44s =  -2.232749

H          x = -1.551598  y = -1.182846  z = -0.466793 angstrom
           Maximum rank =  1   Radius =  0.325 angstrom
                   Q00  =   0.222561
|Q1| =   0.075606  Q10  =   0.012263  Q11c =   0.048934  Q11s =   0.056315

Total multipoles referred to origin at
           x =   0.000000,  y =    0.000000,  z =    0.000000 angstrom
                   Q00  =  -0.999993
|Q1| =   1.400446  Q10  =  -0.472635  Q11c =  -0.005459  Q11s =  -1.318270
|Q2| =   5.673787  Q20  =  -3.693604  Q21c =   0.009482  Q21s =   3.183719
                   Q22c =   2.900422  Q22s =  -0.023351
|Q3| =  58.277643  Q30  =  -0.753799  Q31c =   0.174874  Q31s =  43.775442
                   Q32c =  38.292281  Q32s =  -0.291224  Q33c =  -0.037776
                   Q33s =  -3.607017
|Q4| = 194.488836  Q40  =  64.056596  Q41c =   0.073805  Q41s =   1.686756
                   Q42c = -40.172950  Q42s =   0.280580  Q43c =   0.292804
                   Q43s =  19.627264  Q44c =-178.078065  Q44s =   2.958424

CPU time used:      0m26.520s          Total:      0m26.520s

Finished at 17:40:12 on 30 Nov 2020 
