                                     G D M A
                                 by Anthony Stone

               Distributed Multipoles from Gaussian wavefunctions

                             version 2.3.3 (e2d289a)
              Compiled with gfortran on 30 November 2020 at 11:55:58

Starting at 17:39:45 on 30 Nov 2020 

M062X Sadlej-pVTZ



Using SCF density matrix from file ../spec.fchk


                         Distributed Multipole Analysis

Standard DMA for products of primitives with exponent greater than 4.00000
Using 80-point Euler-MacLaurin radial quadrature
Using 590-point Lebedev quadrature
Becke smoothing parameter = 3

Positions and radii in angstrom
Multipole moments in atomic units, ea_0^k for rank k

P          x =  0.000527  y =  0.116543  z =  0.146306 angstrom
           Maximum rank =  4   Radius =  0.650 angstrom
                   Q00  =   1.804601
|Q1| =   0.095589  Q10  =  -0.095435  Q11c =  -0.001113  Q11s =   0.005294
|Q2| =   0.293884  Q20  =  -0.029608  Q21c =  -0.005551  Q21s =  -0.205184
                   Q22c =  -0.208230  Q22s =  -0.000586
|Q3| =   1.916459  Q30  =   0.280030  Q31c =  -0.005597  Q31s =  -1.017041
                   Q32c =  -1.309081  Q32s =   0.008732  Q33c =  -0.013434
                   Q33s =  -0.919807
|Q4| =   0.642290  Q40  =   0.166981  Q41c =   0.004006  Q41s =  -0.526615
                   Q42c =  -0.298658  Q42s =  -0.005268  Q43c =  -0.011071
                   Q43s =   0.062631  Q44c =  -0.118326  Q44s =  -0.006556

O          x =  0.006674  y =  1.610267  z =  0.258721 angstrom
           Maximum rank =  4   Radius =  0.650 angstrom
                   Q00  =  -0.921485
|Q1| =   0.121941  Q10  =  -0.053045  Q11c =  -0.005852  Q11s =  -0.109642
|Q2| =   0.910467  Q20  =  -0.446939  Q21c =  -0.001621  Q21s =   0.162012
                   Q22c =  -0.776493  Q22s =   0.001524
|Q3| =   0.600271  Q30  =   0.104325  Q31c =  -0.000713  Q31s =   0.370955
                   Q32c =  -0.129643  Q32s =   0.003903  Q33c =  -0.001119
                   Q33s =   0.441598
|Q4| =   0.311555  Q40  =  -0.132082  Q41c =  -0.000607  Q41s =   0.035009
                   Q42c =   0.066862  Q42s =  -0.004551  Q43c =  -0.018141
                   Q43s =   0.204694  Q44c =   0.176185  Q44s =  -0.025171

O          x = -0.003366  y = -0.885129  z =  1.284823 angstrom
           Maximum rank =  4   Radius =  0.650 angstrom
                   Q00  =  -1.002910
|Q1| =   0.133229  Q10  =  -0.040644  Q11c =  -0.005146  Q11s =   0.126773
|Q2| =   1.029466  Q20  =   0.378907  Q21c =  -0.008980  Q21s =  -0.891942
                   Q22c =  -0.347227  Q22s =   0.004782
|Q3| =   0.620160  Q30  =   0.133006  Q31c =   0.007861  Q31s =   0.552607
                   Q32c =   0.080999  Q32s =  -0.005678  Q33c =  -0.005250
                   Q33s =  -0.234203
|Q4| =   1.111869  Q40  =  -0.100947  Q41c =   0.024315  Q41s =   0.044729
                   Q42c =   0.845434  Q42s =  -0.027985  Q43c =  -0.012057
                   Q43s =   0.598796  Q44c =  -0.386296  Q44s =  -0.000973

O          x =  1.308285  y = -0.328482  z = -0.850741 angstrom
           Maximum rank =  4   Radius =  0.650 angstrom
                   Q00  =  -0.664224
|Q1| =   0.310306  Q10  =   0.154373  Q11c =   0.025960  Q11s =  -0.267927
|Q2| =   1.181625  Q20  =  -0.357126  Q21c =  -0.369816  Q21s =  -0.574308
                   Q22c =  -0.422961  Q22s =  -0.789436
|Q3| =   2.108337  Q30  =  -0.892225  Q31c =  -0.557833  Q31s =   0.394404
                   Q32c =  -0.684123  Q32s =  -0.698134  Q33c =  -1.263683
                   Q33s =   0.793711
|Q4| =   3.993230  Q40  =  -0.222773  Q41c =  -0.718256  Q41s =   1.943022
                   Q42c =  -0.580714  Q42s =   0.472117  Q43c =  -1.745316
                   Q43s =   1.727622  Q44c =   0.246554  Q44s =   2.225604

H          x =  1.541336  y = -1.195527  z = -0.467631 angstrom
           Maximum rank =  1   Radius =  0.325 angstrom
                   Q00  =   0.221561
|Q1| =   0.076297  Q10  =   0.011618  Q11c =  -0.049413  Q11s =   0.056962

O          x = -1.311299  y = -0.317877  z = -0.850324 angstrom
           Maximum rank =  4   Radius =  0.650 angstrom
                   Q00  =  -0.660895
|Q1| =   0.308986  Q10  =   0.153753  Q11c =  -0.036246  Q11s =  -0.265554
|Q2| =   1.175795  Q20  =  -0.358349  Q21c =   0.366283  Q21s =  -0.575190
                   Q22c =  -0.401753  Q22s =   0.792255
|Q3| =   2.099899  Q30  =  -0.894357  Q31c =   0.554308  Q31s =   0.381883
                   Q32c =  -0.665862  Q32s =   0.704016  Q33c =   1.278695
                   Q33s =   0.763240
|Q4| =   3.983104  Q40  =  -0.241320  Q41c =   0.742576  Q41s =   1.935831
                   Q42c =  -0.575304  Q42s =  -0.447236  Q43c =   1.773341
                   Q43s =   1.688674  Q44c =   0.176173  Q44s =  -2.224776

H          x = -1.551598  y = -1.182846  z = -0.466793 angstrom
           Maximum rank =  1   Radius =  0.325 angstrom
                   Q00  =   0.223359
|Q1| =   0.074528  Q10  =   0.011865  Q11c =   0.048066  Q11s =   0.055707

Total multipoles referred to origin at
           x =   0.000000,  y =    0.000000,  z =    0.000000 angstrom
                   Q00  =  -0.999993
|Q1| =   1.412784  Q10  =  -0.507127  Q11c =  -0.041220  Q11s =  -1.317984
|Q2| =   5.702539  Q20  =  -3.706711  Q21c =   0.027962  Q21s =   3.201762
                   Q22c =   2.920131  Q22s =  -0.004766
|Q3| =  58.305581  Q30  =  -0.686274  Q31c =   0.185367  Q31s =  43.818315
                   Q32c =  38.284199  Q32s =  -0.331094  Q33c =  -0.022876
                   Q33s =  -3.633272
|Q4| = 194.053244  Q40  =  63.442554  Q41c =  -0.931557  Q41s =   2.722116
                   Q42c = -38.799426  Q42s =   0.797989  Q43c =   1.606194
                   Q43s =  20.408540  Q44c =-177.994696  Q44s =   4.024154

CPU time used:      0m26.534s          Total:      0m26.534s

Finished at 17:40:12 on 30 Nov 2020 
