                                     G D M A
                                 by Anthony Stone

               Distributed Multipoles from Gaussian wavefunctions

                             version 2.3.3 (e2d289a)
              Compiled with gfortran on 30 November 2020 at 11:55:58

Starting at 17:39:45 on 30 Nov 2020 

M062X Sadlej-pVTZ



Using SCF density matrix from file ../spec.fchk


                         Distributed Multipole Analysis

Standard DMA for products of primitives with exponent greater than 4.00000
Using 80-point Euler-MacLaurin radial quadrature
Using 590-point Lebedev quadrature
Becke smoothing parameter = 3

Positions and radii in angstrom
Multipole moments in atomic units, ea_0^k for rank k

P          x =  0.000527  y =  0.116543  z =  0.146306 angstrom
           Maximum rank =  4   Radius =  0.650 angstrom
                   Q00  =   1.804529
|Q1| =   0.096310  Q10  =  -0.096188  Q11c =   0.000074  Q11s =   0.004844
|Q2| =   0.297672  Q20  =  -0.029441  Q21c =  -0.000919  Q21s =  -0.208011
                   Q22c =  -0.210878  Q22s =   0.001685
|Q3| =   1.917450  Q30  =   0.280213  Q31c =  -0.003644  Q31s =  -1.017081
                   Q32c =  -1.309891  Q32s =   0.010668  Q33c =  -0.011567
                   Q33s =  -0.920634
|Q4| =   0.652649  Q40  =   0.171525  Q41c =  -0.002028  Q41s =  -0.536530
                   Q42c =  -0.302350  Q42s =   0.002219  Q43c =   0.000778
                   Q43s =   0.052337  Q44c =  -0.120399  Q44s =   0.002219

O          x =  0.006674  y =  1.610267  z =  0.258721 angstrom
           Maximum rank =  4   Radius =  0.650 angstrom
                   Q00  =  -0.921962
|Q1| =   0.124294  Q10  =  -0.058553  Q11c =  -0.000436  Q11s =  -0.109637
|Q2| =   0.911205  Q20  =  -0.448156  Q21c =   0.000624  Q21s =   0.157429
                   Q22c =  -0.777576  Q22s =   0.006385
|Q3| =   0.601751  Q30  =   0.098061  Q31c =   0.001626  Q31s =   0.371660
                   Q32c =  -0.135711  Q32s =   0.001185  Q33c =   0.005456
                   Q33s =   0.442613
|Q4| =   0.295492  Q40  =  -0.136977  Q41c =  -0.000058  Q41s =   0.019185
                   Q42c =   0.049685  Q42s =  -0.000478  Q43c =   0.002196
                   Q43s =   0.191088  Q44c =   0.170845  Q44s =  -0.002959

O          x = -0.003366  y = -0.885129  z =  1.284823 angstrom
           Maximum rank =  4   Radius =  0.650 angstrom
                   Q00  =  -1.005783
|Q1| =   0.134817  Q10  =  -0.046214  Q11c =   0.000534  Q11s =   0.126647
|Q2| =   1.029169  Q20  =   0.376380  Q21c =  -0.003496  Q21s =  -0.892065
                   Q22c =  -0.348896  Q22s =   0.002702
|Q3| =   0.612711  Q30  =   0.138064  Q31c =   0.002264  Q31s =   0.543302
                   Q32c =   0.079599  Q32s =  -0.000400  Q33c =  -0.002828
                   Q33s =  -0.234150
|Q4| =   1.104305  Q40  =  -0.090756  Q41c =  -0.000254  Q41s =   0.031824
                   Q42c =   0.841337  Q42s =  -0.007479  Q43c =   0.007803
                   Q43s =   0.591737  Q44c =  -0.389970  Q44s =   0.006852

O          x =  1.308285  y = -0.328482  z = -0.850741 angstrom
           Maximum rank =  4   Radius =  0.650 angstrom
                   Q00  =  -0.660720
|Q1| =   0.307624  Q10  =   0.149668  Q11c =   0.030099  Q11s =  -0.267070
|Q2| =   1.178462  Q20  =  -0.355000  Q21c =  -0.373131  Q21s =  -0.572653
                   Q22c =  -0.419773  Q22s =  -0.787006
|Q3| =   2.102772  Q30  =  -0.892081  Q31c =  -0.559567  Q31s =   0.386292
                   Q32c =  -0.680360  Q32s =  -0.696418  Q33c =  -1.259119
                   Q33s =   0.793873
|Q4| =   3.986776  Q40  =  -0.225796  Q41c =  -0.717288  Q41s =   1.943130
                   Q42c =  -0.582302  Q42s =   0.464976  Q43c =  -1.739729
                   Q43s =   1.729289  Q44c =   0.252197  Q44s =   2.217469

H          x =  1.541336  y = -1.195527  z = -0.467631 angstrom
           Maximum rank =  1   Radius =  0.325 angstrom
                   Q00  =   0.222352
|Q1| =   0.075219  Q10  =   0.011224  Q11c =  -0.048541  Q11s =   0.056353

O          x = -1.311299  y = -0.317877  z = -0.850324 angstrom
           Maximum rank =  4   Radius =  0.650 angstrom
                   Q00  =  -0.660790
|Q1| =   0.307529  Q10  =   0.149737  Q11c =  -0.032317  Q11s =  -0.266662
|Q2| =   1.178512  Q20  =  -0.354795  Q21c =   0.367889  Q21s =  -0.576415
                   Q22c =  -0.406125  Q22s =   0.794026
|Q3| =   2.102921  Q30  =  -0.892877  Q31c =   0.562143  Q31s =   0.380002
                   Q32c =  -0.669449  Q32s =   0.708575  Q33c =   1.278444
                   Q33s =   0.761563
|Q4| =   3.988525  Q40  =  -0.228966  Q41c =   0.734565  Q41s =   1.937625
                   Q42c =  -0.593361  Q42s =  -0.453585  Q43c =   1.784320
                   Q43s =   1.685908  Q44c =   0.177091  Q44s =  -2.224111

H          x = -1.551598  y = -1.182846  z = -0.466793 angstrom
           Maximum rank =  1   Radius =  0.325 angstrom
                   Q00  =   0.222381
|Q1| =   0.075216  Q10  =   0.011192  Q11c =   0.049023  Q11s =   0.055937

Total multipoles referred to origin at
           x =   0.000000,  y =    0.000000,  z =    0.000000 angstrom
                   Q00  =  -0.999993
|Q1| =   1.424663  Q10  =  -0.541612  Q11c =  -0.005457  Q11s =  -1.317684
|Q2| =   5.732255  Q20  =  -3.721018  Q21c =   0.009621  Q21s =   3.220000
                   Q22c =   2.940020  Q22s =  -0.023674
|Q3| =  58.333820  Q30  =  -0.619629  Q31c =   0.175198  Q31s =  43.861189
                   Q32c =  38.277078  Q32s =  -0.291120  Q33c =  -0.038450
                   Q33s =  -3.659933
|Q4| = 193.607043  Q40  =  62.835199  Q41c =   0.080747  Q41s =   3.750156
                   Q42c = -37.426327  Q42s =   0.258610  Q43c =   0.312824
                   Q43s =  21.209944  Q44c =-177.937796  Q44s =   2.956168

CPU time used:      0m26.411s          Total:      0m26.411s

Finished at 17:40:12 on 30 Nov 2020 
