                                     G D M A
                                 by Anthony Stone

               Distributed Multipoles from Gaussian wavefunctions

                             version 2.3.3 (e2d289a)
              Compiled with gfortran on 30 November 2020 at 11:55:58

Starting at 17:39:45 on 30 Nov 2020 

M062X Sadlej-pVTZ



Using SCF density matrix from file ../spec.fchk


                         Distributed Multipole Analysis

Standard DMA for products of primitives with exponent greater than 4.00000
Using 80-point Euler-MacLaurin radial quadrature
Using 590-point Lebedev quadrature
Becke smoothing parameter = 3

Positions and radii in angstrom
Multipole moments in atomic units, ea_0^k for rank k

P          x =  0.000527  y =  0.116543  z =  0.146306 angstrom
           Maximum rank =  4   Radius =  0.650 angstrom
                   Q00  =   1.804525
|Q1| =   0.096126  Q10  =  -0.095940  Q11c =   0.000084  Q11s =   0.005987
|Q2| =   0.295054  Q20  =  -0.030971  Q21c =  -0.000888  Q21s =  -0.204591
                   Q22c =  -0.210325  Q22s =   0.001690
|Q3| =   1.916508  Q30  =   0.280257  Q31c =  -0.003636  Q31s =  -1.017051
                   Q32c =  -1.309742  Q32s =   0.010673  Q33c =  -0.011538
                   Q33s =  -0.918904
|Q4| =   0.647746  Q40  =   0.165880  Q41c =  -0.002034  Q41s =  -0.531220
                   Q42c =  -0.302915  Q42s =   0.002253  Q43c =   0.000925
                   Q43s =   0.060514  Q44c =  -0.120122  Q44s =   0.002250

O          x =  0.006674  y =  1.610267  z =  0.258721 angstrom
           Maximum rank =  4   Radius =  0.650 angstrom
                   Q00  =  -0.925102
|Q1| =   0.126734  Q10  =  -0.053189  Q11c =  -0.000436  Q11s =  -0.115031
|Q2| =   0.909679  Q20  =  -0.446537  Q21c =   0.000653  Q21s =   0.162351
                   Q22c =  -0.775707  Q22s =   0.006390
|Q3| =   0.589559  Q30  =   0.101767  Q31c =   0.001607  Q31s =   0.364631
                   Q32c =  -0.131792  Q32s =   0.001143  Q33c =   0.005356
                   Q33s =   0.432279
|Q4| =   0.313457  Q40  =  -0.129148  Q41c =   0.000001  Q41s =   0.034407
                   Q42c =   0.074301  Q42s =  -0.000659  Q43c =   0.002363
                   Q43s =   0.198084  Q44c =   0.188729  Q44s =  -0.003162

O          x = -0.003366  y = -0.885129  z =  1.284823 angstrom
           Maximum rank =  4   Radius =  0.650 angstrom
                   Q00  =  -1.000906
|Q1| =   0.127894  Q10  =  -0.040886  Q11c =   0.000535  Q11s =   0.121181
|Q2| =   1.030518  Q20  =   0.376006  Q21c =  -0.003478  Q21s =  -0.893185
                   Q22c =  -0.350411  Q22s =   0.002706
|Q3| =   0.624962  Q30  =   0.137057  Q31c =   0.002287  Q31s =   0.555014
                   Q32c =   0.089758  Q32s =  -0.000459  Q33c =  -0.002838
                   Q33s =  -0.235972
|Q4| =   1.097525  Q40  =  -0.086023  Q41c =  -0.000323  Q41s =   0.038449
                   Q42c =   0.851194  Q42s =  -0.007466  Q43c =   0.007634
                   Q43s =   0.571963  Q44c =  -0.379275  Q44s =   0.006699

O          x =  1.308285  y = -0.328482  z = -0.850741 angstrom
           Maximum rank =  4   Radius =  0.650 angstrom
                   Q00  =  -0.662999
|Q1| =   0.311813  Q10  =   0.153552  Q11c =   0.029365  Q11s =  -0.269790
|Q2| =   1.177573  Q20  =  -0.357361  Q21c =  -0.370963  Q21s =  -0.569286
                   Q22c =  -0.418810  Q22s =  -0.788588
|Q3| =   2.099231  Q30  =  -0.891018  Q31c =  -0.552707  Q31s =   0.390615
                   Q32c =  -0.678367  Q32s =  -0.698500  Q33c =  -1.255236
                   Q33s =   0.794414
|Q4| =   3.980982  Q40  =  -0.230807  Q41c =  -0.721545  Q41s =   1.939802
                   Q42c =  -0.568531  Q42s =   0.462775  Q43c =  -1.742518
                   Q43s =   1.717160  Q44c =   0.258917  Q44s =   2.218570

H          x =  1.541336  y = -1.195527  z = -0.467631 angstrom
           Maximum rank =  1   Radius =  0.325 angstrom
                   Q00  =   0.223775
|Q1| =   0.074419  Q10  =   0.011686  Q11c =  -0.048230  Q11s =   0.055456

O          x = -1.311299  y = -0.317877  z = -0.850324 angstrom
           Maximum rank =  4   Radius =  0.650 angstrom
                   Q00  =  -0.663083
|Q1| =   0.311724  Q10  =   0.153624  Q11c =  -0.031572  Q11s =  -0.269396
|Q2| =   1.177647  Q20  =  -0.357150  Q21c =   0.365740  Q21s =  -0.573041
                   Q22c =  -0.405167  Q22s =   0.795609
|Q3| =   2.099410  Q30  =  -0.891803  Q31c =   0.555343  Q31s =   0.384409
                   Q32c =  -0.667452  Q32s =   0.710648  Q33c =   1.274590
                   Q33s =   0.762194
|Q4| =   3.982770  Q40  =  -0.233917  Q41c =   0.738748  Q41s =   1.934267
                   Q42c =  -0.579611  Q42s =  -0.451656  Q43c =   1.786877
                   Q43s =   1.673700  Q44c =   0.183761  Q44s =  -2.225465

H          x = -1.551598  y = -1.182846  z = -0.466793 angstrom
           Maximum rank =  1   Radius =  0.325 angstrom
                   Q00  =   0.223798
|Q1| =   0.074422  Q10  =   0.011654  Q11c =   0.048711  Q11s =   0.055046

Total multipoles referred to origin at
           x =   0.000000,  y =    0.000000,  z =    0.000000 angstrom
                   Q00  =  -0.999993
|Q1| =   1.447583  Q10  =  -0.506830  Q11c =  -0.005468  Q11s =  -1.355946
|Q2| =   5.697237  Q20  =  -3.698197  Q21c =   0.009410  Q21s =   3.185576
                   Q22c =   2.938249  Q22s =  -0.023730
|Q3| =  58.353598  Q30  =  -0.657732  Q31c =   0.175368  Q31s =  43.900354
                   Q32c =  38.268267  Q32s =  -0.290888  Q33c =  -0.037617
                   Q33s =  -3.590504
|Q4| = 195.311694  Q40  =  62.876734  Q41c =   0.081241  Q41s =   2.682585
                   Q42c = -39.698477  Q42s =   0.274280  Q43c =   0.312996
                   Q43s =  21.688574  Q44c =-179.250080  Q44s =   2.973786

CPU time used:      0m26.518s          Total:      0m26.518s

Finished at 17:40:12 on 30 Nov 2020 
